0 verbose cli /usr/local/bin/node /usr/local/bin/npm
1 info using npm@8.11.0
2 info using node@v16.16.0
3 timing npm:load:whichnode Completed in 0ms
4 timing config:load:defaults Completed in 2ms
5 timing config:load:file:/usr/local/lib/node_modules/npm/npmrc Completed in 5ms
6 timing config:load:builtin Completed in 5ms
7 warn config production Use `--omit=dev` instead.
8 timing config:load:cli Completed in 10ms
9 timing config:load:env Completed in 1ms
10 timing config:load:file:/data/.npmrc Completed in 0ms
11 timing config:load:project Completed in 4ms
12 timing config:load:file:/usr/src/node-red/.npmrc Completed in 0ms
13 timing config:load:user Completed in 1ms
14 timing config:load:file:/usr/local/etc/npmrc Completed in 2ms
15 timing config:load:global Completed in 3ms
16 timing config:load:validate Completed in 0ms
17 timing config:load:credentials Completed in 1ms
18 timing config:load:setEnvs Completed in 1ms
19 timing config:load Completed in 29ms
20 timing npm:load:configload Completed in 29ms
21 timing npm:load:mkdirpcache Completed in 1ms
22 timing npm:load:mkdirplogs Completed in 1ms
23 verbose title npm install node-red-contrib-moment@4.0.0
24 verbose argv "install" "--no-audit" "--no-update-notifier" "--no-fund" "--save" "--save-prefix" "~" "--production" "--engine-strict" "node-red-contrib-moment@4.0.0"
25 timing npm:load:setTitle Completed in 3ms
26 timing config:load:flatten Completed in 8ms
27 timing npm:load:display Completed in 11ms
28 verbose logfile logs-max:10 dir:/data/.npm/_logs
29 verbose logfile /data/.npm/_logs/2023-03-30T18_44_38_868Z-debug-0.log
30 timing npm:load:logFile Completed in 6ms
31 timing npm:load:timers Completed in 0ms
32 timing npm:load:configScope Completed in 0ms
33 timing npm:load Completed in 52ms
34 timing arborist:ctor Completed in 0ms
35 silly logfile done cleaning log files
36 timing idealTree:init Completed in 254ms
37 timing idealTree:userRequests Completed in 2ms
38 silly idealTree buildDeps
39 silly fetch manifest node-red-contrib-moment@4.0.0
40 timing arborist:ctor Completed in 0ms
41 http fetch GET 200 https://registry.npmjs.org/node-red-contrib-moment 1440ms (cache miss)
42 silly placeDep ROOT node-red-contrib-moment@4.0.0 OK for: node-red-project@0.0.1 want: 4.0.0
43 silly fetch manifest moment-parseformat@^3.0.0
44 silly fetch manifest os-locale@^5.0.0
45 http fetch GET 200 https://registry.npmjs.org/os-locale 123ms (cache miss)
46 http fetch GET 200 https://registry.npmjs.org/moment-parseformat 1110ms (cache miss)
47 timing idealTree:#root Completed in 2569ms
48 silly placeDep ROOT moment-parseformat@3.1.1 OK for: node-red-contrib-moment@4.0.0 want: ^3.0.0
49 silly placeDep ROOT os-locale@5.0.0 OK for: node-red-contrib-moment@4.0.0 want: ^5.0.0
50 silly fetch manifest execa@^4.0.0
51 silly fetch manifest lcid@^3.0.0
52 silly fetch manifest mem@^5.0.0
53 http fetch GET 200 https://registry.npmjs.org/lcid 74ms (cache miss)
54 http fetch GET 200 https://registry.npmjs.org/execa 122ms (cache miss)
55 http fetch GET 200 https://registry.npmjs.org/mem 134ms (cache miss)
56 timing idealTree:node_modules/node-red-contrib-moment Completed in 142ms
57 timing idealTree:node_modules/moment-parseformat Completed in 0ms
58 silly placeDep ROOT execa@4.1.0 OK for: os-locale@5.0.0 want: ^4.0.0
59 silly placeDep ROOT lcid@3.1.1 OK for: os-locale@5.0.0 want: ^3.0.0
60 silly placeDep ROOT mem@5.1.1 OK for: os-locale@5.0.0 want: ^5.0.0
61 silly fetch manifest cross-spawn@^7.0.0
62 silly fetch manifest human-signals@^1.1.1
63 silly fetch manifest is-stream@^2.0.0
64 silly fetch manifest merge-stream@^2.0.0
65 silly fetch manifest npm-run-path@^4.0.0
66 silly fetch manifest onetime@^5.1.0
67 silly fetch manifest strip-final-newline@^2.0.0
68 silly fetch manifest invert-kv@^3.0.0
69 silly fetch manifest map-age-cleaner@^0.1.3
70 silly fetch manifest mimic-fn@^2.1.0
71 silly fetch manifest p-is-promise@^2.1.0
72 http fetch GET 200 https://registry.npmjs.org/is-stream 71ms (cache miss)
73 http fetch GET 200 https://registry.npmjs.org/human-signals 78ms (cache miss)
74 http fetch GET 200 https://registry.npmjs.org/cross-spawn 84ms (cache miss)
75 http fetch GET 200 https://registry.npmjs.org/strip-final-newline 139ms (cache miss)
76 http fetch GET 200 https://registry.npmjs.org/onetime 145ms (cache miss)
77 http fetch GET 200 https://registry.npmjs.org/merge-stream 165ms (cache miss)
78 http fetch GET 200 https://registry.npmjs.org/map-age-cleaner 165ms (cache miss)
79 http fetch GET 200 https://registry.npmjs.org/mimic-fn 165ms (cache miss)
80 http fetch GET 200 https://registry.npmjs.org/npm-run-path 168ms (cache miss)
81 http fetch GET 200 https://registry.npmjs.org/invert-kv 168ms (cache miss)
82 http fetch GET 200 https://registry.npmjs.org/p-is-promise 180ms (cache miss)
83 timing idealTree:node_modules/os-locale Completed in 195ms
84 silly placeDep ROOT cross-spawn@7.0.3 OK for: execa@4.1.0 want: ^7.0.0
85 silly placeDep ROOT human-signals@1.1.1 OK for: execa@4.1.0 want: ^1.1.1
86 silly placeDep ROOT is-stream@2.0.1 OK for: execa@4.1.0 want: ^2.0.0
87 silly placeDep ROOT merge-stream@2.0.0 OK for: execa@4.1.0 want: ^2.0.0
88 silly placeDep ROOT npm-run-path@4.0.1 OK for: execa@4.1.0 want: ^4.0.0
89 silly placeDep ROOT onetime@5.1.2 OK for: execa@4.1.0 want: ^5.1.0
90 silly placeDep ROOT strip-final-newline@2.0.0 OK for: execa@4.1.0 want: ^2.0.0
91 silly fetch manifest path-key@^3.1.0
92 silly fetch manifest shebang-command@^2.0.0
93 silly fetch manifest which@^2.0.1
94 silly fetch manifest path-key@^3.0.0
95 http fetch GET 200 https://registry.npmjs.org/shebang-command 68ms (cache miss)
96 http fetch GET 200 https://registry.npmjs.org/path-key 68ms (cache miss)
97 http fetch GET 200 https://registry.npmjs.org/path-key 70ms (cache miss)
98 http fetch GET 200 https://registry.npmjs.org/which 71ms (cache miss)
99 timing idealTree:node_modules/execa Completed in 87ms
100 silly placeDep ROOT path-key@3.1.1 OK for: cross-spawn@7.0.3 want: ^3.1.0
101 silly placeDep ROOT shebang-command@2.0.0 OK for: cross-spawn@7.0.3 want: ^2.0.0
102 silly placeDep ROOT which@2.0.2 OK for: cross-spawn@7.0.3 want: ^2.0.1
103 silly fetch manifest shebang-regex@^3.0.0
104 silly fetch manifest isexe@^2.0.0
105 http fetch GET 200 https://registry.npmjs.org/isexe 65ms (cache miss)
106 http fetch GET 200 https://registry.npmjs.org/shebang-regex 68ms (cache miss)
107 timing idealTree:node_modules/cross-spawn Completed in 73ms
108 timing idealTree:node_modules/human-signals Completed in 0ms
109 timing idealTree:node_modules/is-stream Completed in 0ms
110 silly placeDep ROOT invert-kv@3.0.1 OK for: lcid@3.1.1 want: ^3.0.0
111 timing idealTree:node_modules/lcid Completed in 2ms
112 timing idealTree:node_modules/invert-kv Completed in 0ms
113 silly placeDep ROOT map-age-cleaner@0.1.3 OK for: mem@5.1.1 want: ^0.1.3
114 silly placeDep ROOT mimic-fn@2.1.0 OK for: mem@5.1.1 want: ^2.1.0
115 silly placeDep ROOT p-is-promise@2.1.0 OK for: mem@5.1.1 want: ^2.1.0
116 silly fetch manifest p-defer@^1.0.0
117 http fetch GET 200 https://registry.npmjs.org/p-defer 57ms (cache miss)
118 timing idealTree:node_modules/mem Completed in 61ms
119 silly placeDep ROOT p-defer@1.0.0 OK for: map-age-cleaner@0.1.3 want: ^1.0.0
120 timing idealTree:node_modules/map-age-cleaner Completed in 2ms
121 timing idealTree:node_modules/merge-stream Completed in 0ms
122 timing idealTree:node_modules/mimic-fn Completed in 0ms
123 timing idealTree:node_modules/npm-run-path Completed in 0ms
124 timing idealTree:node_modules/onetime Completed in 0ms
125 timing idealTree:node_modules/p-defer Completed in 0ms
126 timing idealTree:node_modules/p-is-promise Completed in 0ms
127 timing idealTree:node_modules/path-key Completed in 0ms
128 silly placeDep ROOT shebang-regex@3.0.0 OK for: shebang-command@2.0.0 want: ^3.0.0
129 timing idealTree:node_modules/shebang-command Completed in 2ms
130 timing idealTree:node_modules/shebang-regex Completed in 0ms
131 timing idealTree:node_modules/strip-final-newline Completed in 0ms
132 silly placeDep ROOT isexe@2.0.0 OK for: which@2.0.2 want: ^2.0.0
133 timing idealTree:node_modules/which Completed in 2ms
134 timing idealTree:node_modules/isexe Completed in 0ms
135 timing idealTree:buildDeps Completed in 3137ms
136 timing idealTree:fixDepFlags Completed in 13ms
137 timing idealTree Completed in 3414ms
138 timing reify:loadTrees Completed in 3416ms
139 timing reify:diffTrees Completed in 12ms
140 silly reify moves {}
141 timing reify:retireShallow Completed in 1ms
142 timing reify:createSparse Completed in 5ms
143 timing reify:trashOmits Completed in 1ms
144 timing reify:loadBundles Completed in 0ms
145 silly tarball no local data for shebang-regex@https://registry.npmjs.org/shebang-regex/-/shebang-regex-3.0.0.tgz. Extracting by manifest.
146 silly tarball no local data for isexe@https://registry.npmjs.org/isexe/-/isexe-2.0.0.tgz. Extracting by manifest.
147 silly tarball no local data for p-is-promise@https://registry.npmjs.org/p-is-promise/-/p-is-promise-2.1.0.tgz. Extracting by manifest.
148 silly tarball no local data for p-defer@https://registry.npmjs.org/p-defer/-/p-defer-1.0.0.tgz. Extracting by manifest.
149 silly tarball no local data for mimic-fn@https://registry.npmjs.org/mimic-fn/-/mimic-fn-2.1.0.tgz. Extracting by manifest.
150 silly tarball no local data for map-age-cleaner@https://registry.npmjs.org/map-age-cleaner/-/map-age-cleaner-0.1.3.tgz. Extracting by manifest.
151 silly tarball no local data for invert-kv@https://registry.npmjs.org/invert-kv/-/invert-kv-3.0.1.tgz. Extracting by manifest.
152 silly tarball no local data for which@https://registry.npmjs.org/which/-/which-2.0.2.tgz. Extracting by manifest.
153 silly tarball no local data for shebang-command@https://registry.npmjs.org/shebang-command/-/shebang-command-2.0.0.tgz. Extracting by manifest.
154 silly tarball no local data for path-key@https://registry.npmjs.org/path-key/-/path-key-3.1.1.tgz. Extracting by manifest.
155 silly tarball no local data for strip-final-newline@https://registry.npmjs.org/strip-final-newline/-/strip-final-newline-2.0.0.tgz. Extracting by manifest.
156 silly tarball no local data for onetime@https://registry.npmjs.org/onetime/-/onetime-5.1.2.tgz. Extracting by manifest.
157 silly tarball no local data for npm-run-path@https://registry.npmjs.org/npm-run-path/-/npm-run-path-4.0.1.tgz. Extracting by manifest.
158 silly tarball no local data for merge-stream@https://registry.npmjs.org/merge-stream/-/merge-stream-2.0.0.tgz. Extracting by manifest.
159 silly tarball no local data for is-stream@https://registry.npmjs.org/is-stream/-/is-stream-2.0.1.tgz. Extracting by manifest.
160 silly tarball no local data for human-signals@https://registry.npmjs.org/human-signals/-/human-signals-1.1.1.tgz. Extracting by manifest.
161 silly tarball no local data for cross-spawn@https://registry.npmjs.org/cross-spawn/-/cross-spawn-7.0.3.tgz. Extracting by manifest.
162 silly tarball no local data for mem@https://registry.npmjs.org/mem/-/mem-5.1.1.tgz. Extracting by manifest.
163 silly tarball no local data for lcid@https://registry.npmjs.org/lcid/-/lcid-3.1.1.tgz. Extracting by manifest.
164 silly tarball no local data for execa@https://registry.npmjs.org/execa/-/execa-4.1.0.tgz. Extracting by manifest.
165 silly tarball no local data for os-locale@https://registry.npmjs.org/os-locale/-/os-locale-5.0.0.tgz. Extracting by manifest.
166 silly tarball no local data for moment-parseformat@https://registry.npmjs.org/moment-parseformat/-/moment-parseformat-3.1.1.tgz. Extracting by manifest.
167 silly tarball no local data for node-red-contrib-moment@https://registry.npmjs.org/node-red-contrib-moment/-/node-red-contrib-moment-4.0.0.tgz. Extracting by manifest.
168 http fetch GET 200 https://registry.npmjs.org/p-defer/-/p-defer-1.0.0.tgz 357ms (cache miss)
169 timing reifyNode:node_modules/p-defer Completed in 395ms
170 http fetch GET 200 https://registry.npmjs.org/mimic-fn/-/mimic-fn-2.1.0.tgz 356ms (cache miss)
171 timing reifyNode:node_modules/mimic-fn Completed in 400ms
172 http fetch GET 200 https://registry.npmjs.org/shebang-regex/-/shebang-regex-3.0.0.tgz 381ms (cache miss)
173 timing reifyNode:node_modules/shebang-regex Completed in 404ms
174 http fetch GET 200 https://registry.npmjs.org/p-is-promise/-/p-is-promise-2.1.0.tgz 380ms (cache miss)
175 timing reifyNode:node_modules/p-is-promise Completed in 414ms
176 http fetch GET 200 https://registry.npmjs.org/shebang-command/-/shebang-command-2.0.0.tgz 350ms (cache miss)
177 timing reifyNode:node_modules/shebang-command Completed in 420ms
178 http fetch GET 200 https://registry.npmjs.org/invert-kv/-/invert-kv-3.0.1.tgz 373ms (cache miss)
179 timing reifyNode:node_modules/invert-kv Completed in 427ms
180 http fetch GET 200 https://registry.npmjs.org/path-key/-/path-key-3.1.1.tgz 348ms (cache miss)
181 timing reifyNode:node_modules/path-key Completed in 431ms
182 http fetch GET 200 https://registry.npmjs.org/isexe/-/isexe-2.0.0.tgz 413ms (cache miss)
183 timing reifyNode:node_modules/isexe Completed in 442ms
184 http fetch GET 200 https://registry.npmjs.org/strip-final-newline/-/strip-final-newline-2.0.0.tgz 355ms (cache miss)
185 timing reifyNode:node_modules/strip-final-newline Completed in 446ms
186 http fetch GET 200 https://registry.npmjs.org/map-age-cleaner/-/map-age-cleaner-0.1.3.tgz 407ms (cache miss)
187 timing reifyNode:node_modules/map-age-cleaner Completed in 456ms
188 http fetch GET 200 https://registry.npmjs.org/which/-/which-2.0.2.tgz 396ms (cache miss)
189 timing reifyNode:node_modules/which Completed in 459ms
190 http fetch GET 200 https://registry.npmjs.org/lcid/-/lcid-3.1.1.tgz 321ms (cache miss)
191 timing reifyNode:node_modules/lcid Completed in 469ms
192 http fetch GET 200 https://registry.npmjs.org/npm-run-path/-/npm-run-path-4.0.1.tgz 377ms (cache miss)
193 timing reifyNode:node_modules/npm-run-path Completed in 477ms
194 http fetch GET 200 https://registry.npmjs.org/is-stream/-/is-stream-2.0.1.tgz 373ms (cache miss)
195 timing reifyNode:node_modules/is-stream Completed in 483ms
196 http fetch GET 200 https://registry.npmjs.org/mem/-/mem-5.1.1.tgz 358ms (cache miss)
197 timing reifyNode:node_modules/mem Completed in 486ms
198 http fetch GET 200 https://registry.npmjs.org/merge-stream/-/merge-stream-2.0.0.tgz 394ms (cache miss)
199 timing reifyNode:node_modules/merge-stream Completed in 499ms
200 http fetch GET 200 https://registry.npmjs.org/os-locale/-/os-locale-5.0.0.tgz 333ms (cache miss)
201 timing reifyNode:node_modules/os-locale Completed in 503ms
202 http fetch GET 200 https://registry.npmjs.org/onetime/-/onetime-5.1.2.tgz 415ms (cache miss)
203 timing reifyNode:node_modules/onetime Completed in 510ms
204 http fetch GET 200 https://registry.npmjs.org/cross-spawn/-/cross-spawn-7.0.3.tgz 396ms (cache miss)
205 timing reifyNode:node_modules/cross-spawn Completed in 520ms
206 http fetch GET 200 https://registry.npmjs.org/moment-parseformat/-/moment-parseformat-3.1.1.tgz 364ms (cache miss)
207 timing reifyNode:node_modules/moment-parseformat Completed in 538ms
208 http fetch GET 200 https://registry.npmjs.org/human-signals/-/human-signals-1.1.1.tgz 426ms (cache miss)
209 timing reifyNode:node_modules/human-signals Completed in 546ms
210 http fetch GET 200 https://registry.npmjs.org/execa/-/execa-4.1.0.tgz 386ms (cache miss)
211 timing reifyNode:node_modules/execa Completed in 550ms
212 http fetch GET 200 https://registry.npmjs.org/node-red-contrib-moment/-/node-red-contrib-moment-4.0.0.tgz 398ms (cache miss)
213 timing reifyNode:node_modules/node-red-contrib-moment Completed in 577ms
214 timing reify:unpack Completed in 580ms
215 timing reify:unretire Completed in 0ms
216 timing build:queue Completed in 1ms
217 timing build:link:node_modules/which Completed in 3ms
218 timing build:link Completed in 3ms
219 timing build:deps Completed in 5ms
220 timing build Completed in 5ms
221 timing reify:build Completed in 6ms
222 timing reify:trash Completed in 0ms
223 timing reify:save Completed in 111ms
224 timing reify Completed in 4194ms
225 silly ADD node_modules/isexe
226 silly ADD node_modules/shebang-regex
227 silly ADD node_modules/p-defer
228 silly ADD node_modules/p-is-promise
229 silly ADD node_modules/mimic-fn
230 silly ADD node_modules/map-age-cleaner
231 silly ADD node_modules/invert-kv
232 silly ADD node_modules/which
233 silly ADD node_modules/shebang-command
234 silly ADD node_modules/path-key
235 silly ADD node_modules/strip-final-newline
236 silly ADD node_modules/onetime
237 silly ADD node_modules/npm-run-path
238 silly ADD node_modules/merge-stream
239 silly ADD node_modules/is-stream
240 silly ADD node_modules/human-signals
241 silly ADD node_modules/cross-spawn
242 silly ADD node_modules/mem
243 silly ADD node_modules/lcid
244 silly ADD node_modules/execa
245 silly ADD node_modules/os-locale
246 silly ADD node_modules/moment-parseformat
247 silly ADD node_modules/node-red-contrib-moment
248 timing command:install Completed in 4199ms
249 verbose exit 0
250 timing npm Completed in 4346ms
251 info ok
