0 verbose cli /usr/local/bin/node /usr/local/bin/npm
1 info using npm@8.11.0
2 info using node@v16.16.0
3 timing npm:load:whichnode Completed in 0ms
4 timing config:load:defaults Completed in 2ms
5 timing config:load:file:/usr/local/lib/node_modules/npm/npmrc Completed in 2ms
6 timing config:load:builtin Completed in 2ms
7 warn config production Use `--omit=dev` instead.
8 timing config:load:cli Completed in 6ms
9 timing config:load:env Completed in 0ms
10 timing config:load:file:/data/.npmrc Completed in 1ms
11 timing config:load:project Completed in 5ms
12 timing config:load:file:/usr/src/node-red/.npmrc Completed in 1ms
13 timing config:load:user Completed in 1ms
14 timing config:load:file:/usr/local/etc/npmrc Completed in 9ms
15 timing config:load:global Completed in 9ms
16 timing config:load:validate Completed in 1ms
17 timing config:load:credentials Completed in 1ms
18 timing config:load:setEnvs Completed in 2ms
19 timing config:load Completed in 32ms
20 timing npm:load:configload Completed in 33ms
21 timing npm:load:mkdirpcache Completed in 1ms
22 timing npm:load:mkdirplogs Completed in 1ms
23 verbose title npm install @mschaeffler/node-red-hourmeter@0.2.4
24 verbose argv "install" "--no-audit" "--no-update-notifier" "--no-fund" "--save" "--save-prefix" "~" "--production" "--engine-strict" "@mschaeffler/node-red-hourmeter@0.2.4"
25 timing npm:load:setTitle Completed in 2ms
26 timing config:load:flatten Completed in 5ms
27 timing npm:load:display Completed in 9ms
28 verbose logfile logs-max:10 dir:/data/.npm/_logs
29 verbose logfile /data/.npm/_logs/2023-03-30T18_42_39_476Z-debug-0.log
30 timing npm:load:logFile Completed in 8ms
31 timing npm:load:timers Completed in 0ms
32 timing npm:load:configScope Completed in 1ms
33 timing npm:load Completed in 55ms
34 timing arborist:ctor Completed in 1ms
35 silly logfile done cleaning log files
36 timing idealTree:init Completed in 99ms
37 timing idealTree:userRequests Completed in 2ms
38 silly idealTree buildDeps
39 silly fetch manifest @mschaeffler/node-red-hourmeter@0.2.4
40 timing arborist:ctor Completed in 0ms
41 http fetch GET 200 https://registry.npmjs.org/@mschaeffler%2fnode-red-hourmeter 2537ms (cache miss)
42 silly placeDep ROOT @mschaeffler/node-red-hourmeter@0.2.4 OK for: node-red-project@0.0.1 want: 0.2.4
43 timing idealTree:#root Completed in 2551ms
44 timing idealTree:node_modules/@mschaeffler/node-red-hourmeter Completed in 0ms
45 timing idealTree:buildDeps Completed in 2553ms
46 timing idealTree:fixDepFlags Completed in 2ms
47 timing idealTree Completed in 2660ms
48 timing reify:loadTrees Completed in 2661ms
49 timing reify:diffTrees Completed in 5ms
50 silly reify moves {}
51 timing reify:retireShallow Completed in 2ms
52 timing reify:createSparse Completed in 2ms
53 timing reify:trashOmits Completed in 1ms
54 timing reify:loadBundles Completed in 0ms
55 silly tarball no local data for @mschaeffler/node-red-hourmeter@https://registry.npmjs.org/@mschaeffler/node-red-hourmeter/-/node-red-hourmeter-0.2.4.tgz. Extracting by manifest.
56 http fetch GET 200 https://registry.npmjs.org/@mschaeffler/node-red-hourmeter/-/node-red-hourmeter-0.2.4.tgz 2551ms (cache miss)
57 timing reifyNode:node_modules/@mschaeffler/node-red-hourmeter Completed in 2559ms
58 timing reify:unpack Completed in 2559ms
59 timing reify:unretire Completed in 0ms
60 timing build:queue Completed in 4ms
61 timing build:deps Completed in 5ms
62 timing build Completed in 5ms
63 timing reify:build Completed in 5ms
64 timing reify:trash Completed in 0ms
65 timing reify:save Completed in 24ms
66 timing reify Completed in 5285ms
67 silly ADD node_modules/@mschaeffler/node-red-hourmeter
68 timing command:install Completed in 5290ms
69 verbose exit 0
70 timing npm Completed in 5462ms
71 info ok
