0 verbose cli /usr/local/bin/node /usr/local/bin/npm
1 info using npm@8.11.0
2 info using node@v16.16.0
3 timing npm:load:whichnode Completed in 0ms
4 timing config:load:defaults Completed in 7ms
5 timing config:load:file:/usr/local/lib/node_modules/npm/npmrc Completed in 2ms
6 timing config:load:builtin Completed in 3ms
7 warn config production Use `--omit=dev` instead.
8 timing config:load:cli Completed in 8ms
9 timing config:load:env Completed in 0ms
10 timing config:load:file:/data/.npmrc Completed in 0ms
11 timing config:load:project Completed in 7ms
12 timing config:load:file:/usr/src/node-red/.npmrc Completed in 0ms
13 timing config:load:user Completed in 1ms
14 timing config:load:file:/usr/local/etc/npmrc Completed in 2ms
15 timing config:load:global Completed in 2ms
16 timing config:load:validate Completed in 0ms
17 timing config:load:credentials Completed in 1ms
18 timing config:load:setEnvs Completed in 2ms
19 timing config:load Completed in 32ms
20 timing npm:load:configload Completed in 33ms
21 timing npm:load:mkdirpcache Completed in 1ms
22 timing npm:load:mkdirplogs Completed in 0ms
23 verbose title npm install node-red-node-mysql@1.0.3
24 verbose argv "install" "--no-audit" "--no-update-notifier" "--no-fund" "--save" "--save-prefix" "~" "--production" "--engine-strict" "node-red-node-mysql@1.0.3"
25 timing npm:load:setTitle Completed in 2ms
26 timing config:load:flatten Completed in 4ms
27 timing npm:load:display Completed in 8ms
28 verbose logfile logs-max:10 dir:/data/.npm/_logs
29 verbose logfile /data/.npm/_logs/2023-03-30T18_06_40_280Z-debug-0.log
30 timing npm:load:logFile Completed in 8ms
31 timing npm:load:timers Completed in 0ms
32 timing npm:load:configScope Completed in 0ms
33 timing npm:load Completed in 55ms
34 timing arborist:ctor Completed in 1ms
35 silly logfile done cleaning log files
36 timing arborist:ctor Completed in 1ms
37 timing idealTree:init Completed in 21ms
38 timing idealTree:userRequests Completed in 7ms
39 silly idealTree buildDeps
40 silly fetch manifest node-red-node-mysql@1.0.3
41 http fetch GET 200 https://registry.npmjs.org/node-red-node-mysql 1332ms (cache miss)
42 silly placeDep ROOT node-red-node-mysql@1.0.3 OK for: node-red-project@0.0.1 want: 1.0.3
43 silly fetch manifest mysql2@^2.3.3
44 http fetch GET 200 https://registry.npmjs.org/mysql2 1293ms (cache miss)
45 timing idealTree:#root Completed in 2649ms
46 silly placeDep ROOT mysql2@2.3.3 OK for: node-red-node-mysql@1.0.3 want: ^2.3.3
47 silly fetch manifest denque@^2.0.1
48 silly fetch manifest generate-function@^2.3.1
49 silly fetch manifest iconv-lite@^0.6.3
50 silly fetch manifest long@^4.0.0
51 silly fetch manifest lru-cache@^6.0.0
52 silly fetch manifest named-placeholders@^1.1.2
53 silly fetch manifest seq-queue@^0.0.5
54 silly fetch manifest sqlstring@^2.3.2
55 http fetch GET 200 https://registry.npmjs.org/denque 95ms (cache miss)
56 http fetch GET 200 https://registry.npmjs.org/generate-function 208ms (cache miss)
57 http fetch GET 200 https://registry.npmjs.org/iconv-lite 210ms (cache miss)
58 http fetch GET 200 https://registry.npmjs.org/lru-cache 396ms (cache miss)
59 http fetch GET 200 https://registry.npmjs.org/seq-queue 497ms (cache miss)
60 http fetch GET 200 https://registry.npmjs.org/sqlstring 1013ms (cache miss)
61 http fetch GET 200 https://registry.npmjs.org/long 1018ms (cache miss)
62 http fetch GET 200 https://registry.npmjs.org/named-placeholders 1114ms (cache miss)
63 timing idealTree:node_modules/node-red-node-mysql Completed in 1121ms
64 silly placeDep ROOT denque@2.1.0 OK for: mysql2@2.3.3 want: ^2.0.1
65 silly placeDep ROOT generate-function@2.3.1 OK for: mysql2@2.3.3 want: ^2.3.1
66 silly placeDep ROOT iconv-lite@0.6.3 OK for: mysql2@2.3.3 want: ^0.6.3
67 silly placeDep ROOT long@4.0.0 OK for: mysql2@2.3.3 want: ^4.0.0
68 silly placeDep ROOT lru-cache@6.0.0 OK for: mysql2@2.3.3 want: ^6.0.0
69 silly placeDep ROOT named-placeholders@1.1.3 OK for: mysql2@2.3.3 want: ^1.1.2
70 silly placeDep ROOT seq-queue@0.0.5 OK for: mysql2@2.3.3 want: ^0.0.5
71 silly placeDep ROOT sqlstring@2.3.3 OK for: mysql2@2.3.3 want: ^2.3.2
72 silly fetch manifest is-property@^1.0.2
73 silly fetch manifest safer-buffer@>= 2.1.2 < 3.0.0
74 silly fetch manifest yallist@^4.0.0
75 silly fetch manifest lru-cache@^7.14.1
76 http fetch GET 200 https://registry.npmjs.org/safer-buffer 68ms (cache miss)
77 http fetch GET 200 https://registry.npmjs.org/yallist 68ms (cache miss)
78 http fetch GET 200 https://registry.npmjs.org/is-property 375ms (cache miss)
79 timing idealTree:node_modules/mysql2 Completed in 406ms
80 timing idealTree:node_modules/denque Completed in 0ms
81 silly placeDep ROOT is-property@1.0.2 OK for: generate-function@2.3.1 want: ^1.0.2
82 timing idealTree:node_modules/generate-function Completed in 3ms
83 silly placeDep ROOT safer-buffer@2.1.2 OK for: iconv-lite@0.6.3 want: >= 2.1.2 < 3.0.0
84 timing idealTree:node_modules/iconv-lite Completed in 2ms
85 timing idealTree:node_modules/is-property Completed in 1ms
86 timing idealTree:node_modules/long Completed in 0ms
87 silly placeDep ROOT yallist@4.0.0 OK for: lru-cache@6.0.0 want: ^4.0.0
88 timing idealTree:node_modules/lru-cache Completed in 1ms
89 silly placeDep node_modules/named-placeholders lru-cache@7.18.3 OK for: named-placeholders@1.1.3 want: ^7.14.1
90 timing idealTree:node_modules/named-placeholders Completed in 5ms
91 timing idealTree:node_modules/safer-buffer Completed in 0ms
92 timing idealTree:node_modules/seq-queue Completed in 0ms
93 timing idealTree:node_modules/sqlstring Completed in 0ms
94 timing idealTree:node_modules/yallist Completed in 0ms
95 timing idealTree:node_modules/named-placeholders/node_modules/lru-cache Completed in 0ms
96 timing idealTree:buildDeps Completed in 4192ms
97 timing idealTree:fixDepFlags Completed in 1ms
98 timing idealTree Completed in 4223ms
99 timing reify:loadTrees Completed in 4224ms
100 timing reify:diffTrees Completed in 3ms
101 silly reify moves {}
102 timing reify:retireShallow Completed in 2ms
103 timing reify:createSparse Completed in 5ms
104 timing reify:trashOmits Completed in 1ms
105 timing reify:loadBundles Completed in 0ms
106 silly tarball no local data for yallist@https://registry.npmjs.org/yallist/-/yallist-4.0.0.tgz. Extracting by manifest.
107 silly tarball no local data for safer-buffer@https://registry.npmjs.org/safer-buffer/-/safer-buffer-2.1.2.tgz. Extracting by manifest.
108 silly tarball no local data for sqlstring@https://registry.npmjs.org/sqlstring/-/sqlstring-2.3.3.tgz. Extracting by manifest.
109 silly tarball no local data for seq-queue@https://registry.npmjs.org/seq-queue/-/seq-queue-0.0.5.tgz. Extracting by manifest.
110 silly tarball no local data for is-property@https://registry.npmjs.org/is-property/-/is-property-1.0.2.tgz. Extracting by manifest.
111 silly tarball no local data for named-placeholders@https://registry.npmjs.org/named-placeholders/-/named-placeholders-1.1.3.tgz. Extracting by manifest.
112 silly tarball no local data for lru-cache@https://registry.npmjs.org/lru-cache/-/lru-cache-6.0.0.tgz. Extracting by manifest.
113 silly tarball no local data for long@https://registry.npmjs.org/long/-/long-4.0.0.tgz. Extracting by manifest.
114 silly tarball no local data for iconv-lite@https://registry.npmjs.org/iconv-lite/-/iconv-lite-0.6.3.tgz. Extracting by manifest.
115 silly tarball no local data for generate-function@https://registry.npmjs.org/generate-function/-/generate-function-2.3.1.tgz. Extracting by manifest.
116 silly tarball no local data for denque@https://registry.npmjs.org/denque/-/denque-2.1.0.tgz. Extracting by manifest.
117 silly tarball no local data for mysql2@https://registry.npmjs.org/mysql2/-/mysql2-2.3.3.tgz. Extracting by manifest.
118 silly tarball no local data for node-red-node-mysql@https://registry.npmjs.org/node-red-node-mysql/-/node-red-node-mysql-1.0.3.tgz. Extracting by manifest.
119 silly tarball no local data for lru-cache@https://registry.npmjs.org/lru-cache/-/lru-cache-7.18.3.tgz. Extracting by manifest.
120 http fetch GET 200 https://registry.npmjs.org/named-placeholders/-/named-placeholders-1.1.3.tgz 254ms (cache miss)
121 timing reifyNode:node_modules/named-placeholders Completed in 301ms
122 http fetch GET 200 https://registry.npmjs.org/sqlstring/-/sqlstring-2.3.3.tgz 287ms (cache miss)
123 timing reifyNode:node_modules/sqlstring Completed in 312ms
124 http fetch GET 200 https://registry.npmjs.org/lru-cache/-/lru-cache-6.0.0.tgz 265ms (cache miss)
125 timing reifyNode:node_modules/lru-cache Completed in 318ms
126 http fetch GET 200 https://registry.npmjs.org/is-property/-/is-property-1.0.2.tgz 285ms (cache miss)
127 timing reifyNode:node_modules/is-property Completed in 323ms
128 http fetch GET 200 https://registry.npmjs.org/yallist/-/yallist-4.0.0.tgz 316ms (cache miss)
129 timing reifyNode:node_modules/yallist Completed in 333ms
130 http fetch GET 200 https://registry.npmjs.org/seq-queue/-/seq-queue-0.0.5.tgz 321ms (cache miss)
131 timing reifyNode:node_modules/seq-queue Completed in 351ms
132 http fetch GET 200 https://registry.npmjs.org/safer-buffer/-/safer-buffer-2.1.2.tgz 347ms (cache miss)
133 timing reifyNode:node_modules/safer-buffer Completed in 369ms
134 http fetch GET 200 https://registry.npmjs.org/long/-/long-4.0.0.tgz 330ms (cache miss)
135 timing reifyNode:node_modules/long Completed in 390ms
136 http fetch GET 200 https://registry.npmjs.org/generate-function/-/generate-function-2.3.1.tgz 337ms (cache miss)
137 timing reifyNode:node_modules/generate-function Completed in 404ms
138 http fetch GET 200 https://registry.npmjs.org/node-red-node-mysql/-/node-red-node-mysql-1.0.3.tgz 319ms (cache miss)
139 timing reifyNode:node_modules/node-red-node-mysql Completed in 409ms
140 http fetch GET 200 https://registry.npmjs.org/denque/-/denque-2.1.0.tgz 348ms (cache miss)
141 timing reifyNode:node_modules/denque Completed in 419ms
142 http fetch GET 200 https://registry.npmjs.org/lru-cache/-/lru-cache-7.18.3.tgz 335ms (cache miss)
143 timing reifyNode:node_modules/named-placeholders/node_modules/lru-cache Completed in 432ms
144 http fetch GET 200 https://registry.npmjs.org/iconv-lite/-/iconv-lite-0.6.3.tgz 402ms (cache miss)
145 timing reifyNode:node_modules/iconv-lite Completed in 462ms
146 http fetch GET 200 https://registry.npmjs.org/mysql2/-/mysql2-2.3.3.tgz 428ms (cache miss)
147 timing reifyNode:node_modules/mysql2 Completed in 506ms
148 timing reify:unpack Completed in 508ms
149 timing reify:unretire Completed in 0ms
150 timing build:queue Completed in 2ms
151 timing build:deps Completed in 2ms
152 timing build Completed in 2ms
153 timing reify:build Completed in 3ms
154 timing reify:trash Completed in 0ms
155 timing reify:save Completed in 16ms
156 timing reify Completed in 4774ms
157 silly ADD node_modules/yallist
158 silly ADD node_modules/safer-buffer
159 silly ADD node_modules/is-property
160 silly ADD node_modules/sqlstring
161 silly ADD node_modules/seq-queue
162 silly ADD node_modules/named-placeholders
163 silly ADD node_modules/named-placeholders/node_modules/lru-cache
164 silly ADD node_modules/lru-cache
165 silly ADD node_modules/long
166 silly ADD node_modules/iconv-lite
167 silly ADD node_modules/generate-function
168 silly ADD node_modules/denque
169 silly ADD node_modules/mysql2
170 silly ADD node_modules/node-red-node-mysql
171 timing command:install Completed in 4781ms
172 verbose exit 0
173 timing npm Completed in 4988ms
174 info ok
