0 verbose cli /usr/local/bin/node /usr/local/bin/npm
1 info using npm@8.11.0
2 info using node@v16.16.0
3 timing npm:load:whichnode Completed in 1ms
4 timing config:load:defaults Completed in 8ms
5 timing config:load:file:/usr/local/lib/node_modules/npm/npmrc Completed in 1ms
6 timing config:load:builtin Completed in 2ms
7 warn config production Use `--omit=dev` instead.
8 timing config:load:cli Completed in 5ms
9 timing config:load:env Completed in 0ms
10 timing config:load:file:/data/.npmrc Completed in 1ms
11 timing config:load:project Completed in 7ms
12 timing config:load:file:/usr/src/node-red/.npmrc Completed in 1ms
13 timing config:load:user Completed in 1ms
14 timing config:load:file:/usr/local/etc/npmrc Completed in 2ms
15 timing config:load:global Completed in 3ms
16 timing config:load:validate Completed in 0ms
17 timing config:load:credentials Completed in 2ms
18 timing config:load:setEnvs Completed in 2ms
19 timing config:load Completed in 31ms
20 timing npm:load:configload Completed in 31ms
21 timing npm:load:mkdirpcache Completed in 7ms
22 timing npm:load:mkdirplogs Completed in 0ms
23 verbose title npm install node-red-contrib-ui-svg@2.3.1
24 verbose argv "install" "--no-audit" "--no-update-notifier" "--no-fund" "--save" "--save-prefix" "~" "--production" "--engine-strict" "node-red-contrib-ui-svg@2.3.1"
25 timing npm:load:setTitle Completed in 2ms
26 timing config:load:flatten Completed in 5ms
27 timing npm:load:display Completed in 8ms
28 verbose logfile logs-max:10 dir:/data/.npm/_logs
29 verbose logfile /data/.npm/_logs/2023-03-30T18_44_50_107Z-debug-0.log
30 timing npm:load:logFile Completed in 8ms
31 timing npm:load:timers Completed in 0ms
32 timing npm:load:configScope Completed in 0ms
33 timing npm:load Completed in 58ms
34 timing arborist:ctor Completed in 1ms
35 silly logfile start cleaning logs, removing 1 files
36 silly logfile done cleaning log files
37 timing idealTree:init Completed in 289ms
38 timing idealTree:userRequests Completed in 3ms
39 silly idealTree buildDeps
40 silly fetch manifest node-red-contrib-ui-svg@2.3.1
41 timing arborist:ctor Completed in 1ms
42 http fetch GET 200 https://registry.npmjs.org/node-red-contrib-ui-svg 1487ms (cache miss)
43 silly placeDep ROOT node-red-contrib-ui-svg@2.3.1 OK for: node-red-project@0.0.1 want: 2.3.1
44 silly fetch manifest mime@^2.4.4
45 silly fetch manifest @panzoom/panzoom@^4.1.0
46 silly fetch manifest hammerjs@^2.0.8
47 silly fetch manifest js-beautify@^1.11.0
48 silly fetch manifest postcss@^8.3.9
49 silly fetch manifest postcss-prefix-selector@^1.13.0
50 http fetch GET 200 https://registry.npmjs.org/mime 34ms (cache hit)
51 http fetch GET 200 https://registry.npmjs.org/js-beautify 598ms (cache miss)
52 http fetch GET 200 https://registry.npmjs.org/hammerjs 605ms (cache miss)
53 http fetch GET 200 https://registry.npmjs.org/postcss 783ms (cache miss)
54 http fetch GET 200 https://registry.npmjs.org/postcss-prefix-selector 1446ms (cache miss)
55 http fetch GET 200 https://registry.npmjs.org/@panzoom%2fpanzoom 2031ms (cache miss)
56 timing idealTree:#root Completed in 3534ms
57 silly placeDep ROOT @panzoom/panzoom@4.5.1 OK for: node-red-contrib-ui-svg@2.3.1 want: ^4.1.0
58 silly placeDep ROOT hammerjs@2.0.8 OK for: node-red-contrib-ui-svg@2.3.1 want: ^2.0.8
59 silly placeDep ROOT js-beautify@1.14.7 OK for: node-red-contrib-ui-svg@2.3.1 want: ^1.11.0
60 silly placeDep node_modules/node-red-contrib-ui-svg mime@2.6.0 OK for: node-red-contrib-ui-svg@2.3.1 want: ^2.4.4
61 silly placeDep ROOT postcss@8.4.21 OK for: node-red-contrib-ui-svg@2.3.1 want: ^8.3.9
62 silly placeDep ROOT postcss-prefix-selector@1.16.0 OK for: node-red-contrib-ui-svg@2.3.1 want: ^1.13.0
63 silly fetch manifest config-chain@^1.1.13
64 silly fetch manifest editorconfig@^0.15.3
65 silly fetch manifest glob@^8.0.3
66 silly fetch manifest nopt@^6.0.0
67 silly fetch manifest nanoid@^3.3.4
68 silly fetch manifest picocolors@^1.0.0
69 silly fetch manifest source-map-js@^1.0.2
70 http fetch GET 200 https://registry.npmjs.org/nopt 16ms (cache hit)
71 http fetch GET 200 https://registry.npmjs.org/glob 19ms (cache hit)
72 http fetch GET 200 https://registry.npmjs.org/source-map-js 63ms (cache miss)
73 http fetch GET 200 https://registry.npmjs.org/picocolors 63ms (cache miss)
74 http fetch GET 200 https://registry.npmjs.org/config-chain 81ms (cache miss)
75 http fetch GET 200 https://registry.npmjs.org/editorconfig 108ms (cache miss)
76 http fetch GET 200 https://registry.npmjs.org/nanoid 969ms (cache miss)
77 timing idealTree:node_modules/node-red-contrib-ui-svg Completed in 995ms
78 timing idealTree:node_modules/@panzoom/panzoom Completed in 0ms
79 timing idealTree:node_modules/hammerjs Completed in 0ms
80 silly placeDep ROOT config-chain@1.1.13 OK for: js-beautify@1.14.7 want: ^1.1.13
81 silly placeDep ROOT editorconfig@0.15.3 OK for: js-beautify@1.14.7 want: ^0.15.3
82 silly placeDep node_modules/js-beautify glob@8.1.0 OK for: js-beautify@1.14.7 want: ^8.0.3
83 silly placeDep node_modules/js-beautify nopt@6.0.0 OK for: js-beautify@1.14.7 want: ^6.0.0
84 silly fetch manifest proto-list@~1.2.1
85 silly fetch manifest ini@^1.3.4
86 silly fetch manifest commander@^2.19.0
87 silly fetch manifest lru-cache@^4.1.5
88 silly fetch manifest semver@^5.6.0
89 silly fetch manifest sigmund@^1.0.1
90 silly fetch manifest minimatch@^5.0.1
91 http fetch GET 200 https://registry.npmjs.org/semver 21ms (cache hit)
92 http fetch GET 200 https://registry.npmjs.org/lru-cache 24ms (cache hit)
93 http fetch GET 200 https://registry.npmjs.org/minimatch 27ms (cache hit)
94 http fetch GET 200 https://registry.npmjs.org/ini 71ms (cache miss)
95 http fetch GET 200 https://registry.npmjs.org/commander 112ms (cache miss)
96 http fetch GET 200 https://registry.npmjs.org/proto-list 122ms (cache miss)
97 http fetch GET 200 https://registry.npmjs.org/sigmund 128ms (cache miss)
98 timing idealTree:node_modules/js-beautify Completed in 140ms
99 silly placeDep ROOT ini@1.3.8 OK for: config-chain@1.1.13 want: ^1.3.4
100 silly placeDep ROOT proto-list@1.2.4 OK for: config-chain@1.1.13 want: ~1.2.1
101 timing idealTree:node_modules/config-chain Completed in 4ms
102 silly placeDep ROOT commander@2.20.3 OK for: editorconfig@0.15.3 want: ^2.19.0
103 silly placeDep node_modules/editorconfig lru-cache@4.1.5 OK for: editorconfig@0.15.3 want: ^4.1.5
104 silly placeDep node_modules/editorconfig semver@5.7.1 OK for: editorconfig@0.15.3 want: ^5.6.0
105 silly placeDep ROOT sigmund@1.0.1 OK for: editorconfig@0.15.3 want: ^1.0.1
106 silly fetch manifest yallist@^2.1.2
107 http fetch GET 200 https://registry.npmjs.org/yallist 8ms (cache hit)
108 timing idealTree:node_modules/editorconfig Completed in 15ms
109 timing idealTree:node_modules/commander Completed in 1ms
110 timing idealTree:node_modules/ini Completed in 0ms
111 silly placeDep ROOT nanoid@3.3.6 OK for: postcss@8.4.21 want: ^3.3.4
112 silly placeDep ROOT picocolors@1.0.0 OK for: postcss@8.4.21 want: ^1.0.0
113 silly placeDep ROOT source-map-js@1.0.2 OK for: postcss@8.4.21 want: ^1.0.2
114 timing idealTree:node_modules/postcss Completed in 5ms
115 timing idealTree:node_modules/nanoid Completed in 0ms
116 timing idealTree:node_modules/picocolors Completed in 0ms
117 timing idealTree:node_modules/postcss-prefix-selector Completed in 0ms
118 timing idealTree:node_modules/proto-list Completed in 0ms
119 timing idealTree:node_modules/sigmund Completed in 0ms
120 timing idealTree:node_modules/source-map-js Completed in 0ms
121 silly placeDep node_modules/editorconfig yallist@2.1.2 OK for: lru-cache@4.1.5 want: ^2.1.2
122 timing idealTree:node_modules/editorconfig/node_modules/lru-cache Completed in 1ms
123 timing idealTree:node_modules/editorconfig/node_modules/semver Completed in 0ms
124 timing idealTree:node_modules/editorconfig/node_modules/yallist Completed in 0ms
125 silly placeDep node_modules/js-beautify minimatch@5.1.6 OK for: glob@8.1.0 want: ^5.0.1
126 silly fetch manifest brace-expansion@^2.0.1
127 http fetch GET 200 https://registry.npmjs.org/brace-expansion 6ms (cache hit)
128 timing idealTree:node_modules/js-beautify/node_modules/glob Completed in 8ms
129 silly placeDep node_modules/js-beautify brace-expansion@2.0.1 OK for: minimatch@5.1.6 want: ^2.0.1
130 timing idealTree:node_modules/js-beautify/node_modules/minimatch Completed in 2ms
131 timing idealTree:node_modules/js-beautify/node_modules/brace-expansion Completed in 0ms
132 timing idealTree:node_modules/js-beautify/node_modules/nopt Completed in 0ms
133 timing idealTree:node_modules/node-red-contrib-ui-svg/node_modules/mime Completed in 1ms
134 timing idealTree:buildDeps Completed in 4711ms
135 timing idealTree:fixDepFlags Completed in 15ms
136 timing idealTree Completed in 5030ms
137 timing reify:loadTrees Completed in 5032ms
138 timing reify:diffTrees Completed in 12ms
139 silly reify moves {}
140 timing reify:retireShallow Completed in 2ms
141 timing reify:createSparse Completed in 9ms
142 timing reify:trashOmits Completed in 1ms
143 timing reify:loadBundles Completed in 0ms
144 silly tarball no local data for source-map-js@https://registry.npmjs.org/source-map-js/-/source-map-js-1.0.2.tgz. Extracting by manifest.
145 silly tarball no local data for picocolors@https://registry.npmjs.org/picocolors/-/picocolors-1.0.0.tgz. Extracting by manifest.
146 silly tarball no local data for nanoid@https://registry.npmjs.org/nanoid/-/nanoid-3.3.6.tgz. Extracting by manifest.
147 silly tarball no local data for ini@https://registry.npmjs.org/ini/-/ini-1.3.8.tgz. Extracting by manifest.
148 silly tarball no local data for editorconfig@https://registry.npmjs.org/editorconfig/-/editorconfig-0.15.3.tgz. Extracting by manifest.
149 silly tarball no local data for commander@https://registry.npmjs.org/commander/-/commander-2.20.3.tgz. Extracting by manifest.
150 silly tarball no local data for sigmund@https://registry.npmjs.org/sigmund/-/sigmund-1.0.1.tgz. Extracting by manifest.
151 silly tarball no local data for proto-list@https://registry.npmjs.org/proto-list/-/proto-list-1.2.4.tgz. Extracting by manifest.
152 silly tarball no local data for config-chain@https://registry.npmjs.org/config-chain/-/config-chain-1.1.13.tgz. Extracting by manifest.
153 silly tarball no local data for postcss-prefix-selector@https://registry.npmjs.org/postcss-prefix-selector/-/postcss-prefix-selector-1.16.0.tgz. Extracting by manifest.
154 silly tarball no local data for postcss@https://registry.npmjs.org/postcss/-/postcss-8.4.21.tgz. Extracting by manifest.
155 silly tarball no local data for js-beautify@https://registry.npmjs.org/js-beautify/-/js-beautify-1.14.7.tgz. Extracting by manifest.
156 silly tarball no local data for hammerjs@https://registry.npmjs.org/hammerjs/-/hammerjs-2.0.8.tgz. Extracting by manifest.
157 silly tarball no local data for node-red-contrib-ui-svg@https://registry.npmjs.org/node-red-contrib-ui-svg/-/node-red-contrib-ui-svg-2.3.1.tgz. Extracting by manifest.
158 silly tarball no local data for @panzoom/panzoom@https://registry.npmjs.org/@panzoom/panzoom/-/panzoom-4.5.1.tgz. Extracting by manifest.
159 silly tarball no local data for semver@https://registry.npmjs.org/semver/-/semver-5.7.1.tgz. Extracting by manifest.
160 silly tarball no local data for brace-expansion@https://registry.npmjs.org/brace-expansion/-/brace-expansion-2.0.1.tgz. Extracting by manifest.
161 silly tarball no local data for minimatch@https://registry.npmjs.org/minimatch/-/minimatch-5.1.6.tgz. Extracting by manifest.
162 silly tarball no local data for nopt@https://registry.npmjs.org/nopt/-/nopt-6.0.0.tgz. Extracting by manifest.
163 silly tarball no local data for mime@https://registry.npmjs.org/mime/-/mime-2.6.0.tgz. Extracting by manifest.
164 silly tarball no local data for glob@https://registry.npmjs.org/glob/-/glob-8.1.0.tgz. Extracting by manifest.
165 timing reifyNode:node_modules/editorconfig/node_modules/lru-cache Completed in 275ms
166 timing reifyNode:node_modules/editorconfig/node_modules/yallist Completed in 276ms
167 http fetch GET 200 https://registry.npmjs.org/picocolors/-/picocolors-1.0.0.tgz 261ms (cache miss)
168 timing reifyNode:node_modules/picocolors Completed in 288ms
169 http fetch GET 200 https://registry.npmjs.org/ini/-/ini-1.3.8.tgz 256ms (cache miss)
170 timing reifyNode:node_modules/ini Completed in 292ms
171 http fetch GET 200 https://registry.npmjs.org/nanoid/-/nanoid-3.3.6.tgz 324ms (cache miss)
172 timing reifyNode:node_modules/nanoid Completed in 368ms
173 http fetch GET 200 https://registry.npmjs.org/semver/-/semver-5.7.1.tgz 258ms (cache miss)
174 timing reifyNode:node_modules/editorconfig/node_modules/semver Completed in 375ms
175 http fetch GET 200 https://registry.npmjs.org/minimatch/-/minimatch-5.1.6.tgz 258ms (cache miss)
176 timing reifyNode:node_modules/js-beautify/node_modules/minimatch Completed in 394ms
177 http fetch GET 200 https://registry.npmjs.org/nopt/-/nopt-6.0.0.tgz 259ms (cache miss)
178 timing reifyNode:node_modules/js-beautify/node_modules/nopt Completed in 401ms
179 http fetch GET 200 https://registry.npmjs.org/proto-list/-/proto-list-1.2.4.tgz 335ms (cache miss)
180 timing reifyNode:node_modules/proto-list Completed in 408ms
181 http fetch GET 200 https://registry.npmjs.org/editorconfig/-/editorconfig-0.15.3.tgz 376ms (cache miss)
182 timing reifyNode:node_modules/editorconfig Completed in 417ms
183 http fetch GET 200 https://registry.npmjs.org/config-chain/-/config-chain-1.1.13.tgz 349ms (cache miss)
184 timing reifyNode:node_modules/config-chain Completed in 426ms
185 http fetch GET 200 https://registry.npmjs.org/brace-expansion/-/brace-expansion-2.0.1.tgz 299ms (cache miss)
186 timing reifyNode:node_modules/js-beautify/node_modules/brace-expansion Completed in 429ms
187 http fetch GET 200 https://registry.npmjs.org/source-map-js/-/source-map-js-1.0.2.tgz 414ms (cache miss)
188 timing reifyNode:node_modules/source-map-js Completed in 436ms
189 http fetch GET 200 https://registry.npmjs.org/sigmund/-/sigmund-1.0.1.tgz 391ms (cache miss)
190 timing reifyNode:node_modules/sigmund Completed in 449ms
191 http fetch GET 200 https://registry.npmjs.org/mime/-/mime-2.6.0.tgz 305ms (cache miss)
192 timing reifyNode:node_modules/node-red-contrib-ui-svg/node_modules/mime Completed in 453ms
193 http fetch GET 200 https://registry.npmjs.org/postcss-prefix-selector/-/postcss-prefix-selector-1.16.0.tgz 378ms (cache miss)
194 timing reifyNode:node_modules/postcss-prefix-selector Completed in 460ms
195 http fetch GET 200 https://registry.npmjs.org/glob/-/glob-8.1.0.tgz 312ms (cache miss)
196 timing reifyNode:node_modules/js-beautify/node_modules/glob Completed in 464ms
197 http fetch GET 200 https://registry.npmjs.org/commander/-/commander-2.20.3.tgz 423ms (cache miss)
198 timing reifyNode:node_modules/commander Completed in 470ms
199 http fetch GET 200 https://registry.npmjs.org/postcss/-/postcss-8.4.21.tgz 441ms (cache miss)
200 timing reifyNode:node_modules/postcss Completed in 527ms
201 http fetch GET 200 https://registry.npmjs.org/node-red-contrib-ui-svg/-/node-red-contrib-ui-svg-2.3.1.tgz 454ms (cache miss)
202 timing reifyNode:node_modules/node-red-contrib-ui-svg Completed in 554ms
203 http fetch GET 200 https://registry.npmjs.org/js-beautify/-/js-beautify-1.14.7.tgz 483ms (cache miss)
204 timing reifyNode:node_modules/js-beautify Completed in 574ms
205 http fetch GET 200 https://registry.npmjs.org/hammerjs/-/hammerjs-2.0.8.tgz 489ms (cache miss)
206 timing reifyNode:node_modules/hammerjs Completed in 584ms
207 http fetch GET 200 https://registry.npmjs.org/@panzoom/panzoom/-/panzoom-4.5.1.tgz 1290ms (cache miss)
208 timing reifyNode:node_modules/@panzoom/panzoom Completed in 1402ms
209 timing reify:unpack Completed in 1404ms
210 timing reify:unretire Completed in 0ms
211 timing build:queue Completed in 7ms
212 timing build:link:node_modules/js-beautify/node_modules/nopt Completed in 6ms
213 timing build:link:node_modules/editorconfig Completed in 7ms
214 timing build:link:node_modules/editorconfig/node_modules/semver Completed in 6ms
215 timing build:link:node_modules/node-red-contrib-ui-svg/node_modules/mime Completed in 6ms
216 timing build:link:node_modules/js-beautify Completed in 7ms
217 timing build:link:node_modules/nanoid Completed in 6ms
218 timing build:link Completed in 8ms
219 timing build:deps Completed in 15ms
220 timing build Completed in 16ms
221 timing reify:build Completed in 16ms
222 timing reify:trash Completed in 0ms
223 timing reify:save Completed in 143ms
224 timing reify Completed in 6668ms
225 silly ADD node_modules/source-map-js
226 silly ADD node_modules/picocolors
227 silly ADD node_modules/nanoid
228 silly ADD node_modules/sigmund
229 silly ADD node_modules/commander
230 silly ADD node_modules/proto-list
231 silly ADD node_modules/ini
232 silly ADD node_modules/editorconfig
233 silly ADD node_modules/editorconfig/node_modules/yallist
234 silly ADD node_modules/editorconfig/node_modules/semver
235 silly ADD node_modules/editorconfig/node_modules/lru-cache
236 silly ADD node_modules/config-chain
237 silly ADD node_modules/postcss-prefix-selector
238 silly ADD node_modules/postcss
239 silly ADD node_modules/js-beautify
240 silly ADD node_modules/js-beautify/node_modules/brace-expansion
241 silly ADD node_modules/js-beautify/node_modules/minimatch
242 silly ADD node_modules/js-beautify/node_modules/nopt
243 silly ADD node_modules/js-beautify/node_modules/glob
244 silly ADD node_modules/hammerjs
245 silly ADD node_modules/@panzoom/panzoom
246 silly ADD node_modules/node-red-contrib-ui-svg
247 silly ADD node_modules/node-red-contrib-ui-svg/node_modules/mime
248 timing command:install Completed in 6674ms
249 verbose exit 0
250 timing npm Completed in 6846ms
251 info ok
